<?xml version="1.0" encoding="UTF-8"?>
<testsuite xmlns:xsi="http://www.w3.org/2001/XMLSchema-instance" xsi:noNamespaceSchemaLocation="https://maven.apache.org/surefire/maven-surefire-plugin/xsd/surefire-test-report.xsd" name="tcp.TcpTests" time="21.978" tests="2" errors="2" skipped="0" failures="0">
  <properties>
    <property name="java.specification.version" value="17"/>
    <property name="sun.cpu.isalist" value="amd64"/>
    <property name="sun.jnu.encoding" value="Cp1252"/>
    <property name="java.class.path" value="C:\Users\bkunj\ECE654\duke-oit-container-offloading\docker-oit-container-offloading\target\test-classes;C:\Users\bkunj\ECE654\duke-oit-container-offloading\docker-oit-container-offloading\target\classes;C:\Users\bkunj\.m2\repository\junit\junit\4.11\junit-4.11.jar;C:\Users\bkunj\.m2\repository\org\hamcrest\hamcrest-core\1.3\hamcrest-core-1.3.jar;C:\Users\bkunj\.m2\repository\com\spotify\docker-client\3.5.12\docker-client-3.5.12.jar;C:\Users\bkunj\.m2\repository\com\google\guava\guava\18.0\guava-18.0.jar;C:\Users\bkunj\.m2\repository\com\fasterxml\jackson\jaxrs\jackson-jaxrs-json-provider\2.6.0\jackson-jaxrs-json-provider-2.6.0.jar;C:\Users\bkunj\.m2\repository\com\fasterxml\jackson\jaxrs\jackson-jaxrs-base\2.6.0\jackson-jaxrs-base-2.6.0.jar;C:\Users\bkunj\.m2\repository\com\fasterxml\jackson\core\jackson-core\2.6.0\jackson-core-2.6.0.jar;C:\Users\bkunj\.m2\repository\com\fasterxml\jackson\module\jackson-module-jaxb-annotations\2.6.0\jackson-module-jaxb-annotations-2.6.0.jar;C:\Users\bkunj\.m2\repository\com\fasterxml\jackson\datatype\jackson-datatype-guava\2.6.0\jackson-datatype-guava-2.6.0.jar;C:\Users\bkunj\.m2\repository\com\fasterxml\jackson\core\jackson-databind\2.6.0\jackson-databind-2.6.0.jar;C:\Users\bkunj\.m2\repository\com\fasterxml\jackson\core\jackson-annotations\2.6.0\jackson-annotations-2.6.0.jar;C:\Users\bkunj\.m2\repository\org\glassfish\jersey\core\jersey-client\2.19\jersey-client-2.19.jar;C:\Users\bkunj\.m2\repository\javax\ws\rs\javax.ws.rs-api\2.0.1\javax.ws.rs-api-2.0.1.jar;C:\Users\bkunj\.m2\repository\org\glassfish\jersey\core\jersey-common\2.19\jersey-common-2.19.jar;C:\Users\bkunj\.m2\repository\javax\annotation\javax.annotation-api\1.2\javax.annotation-api-1.2.jar;C:\Users\bkunj\.m2\repository\org\glassfish\jersey\bundles\repackaged\jersey-guava\2.19\jersey-guava-2.19.jar;C:\Users\bkunj\.m2\repository\org\glassfish\hk2\osgi-resource-locator\1.0.1\osgi-resource-locator-1.0.1.jar;C:\Users\bkunj\.m2\repository\org\glassfish\hk2\hk2-api\2.4.0-b25\hk2-api-2.4.0-b25.jar;C:\Users\bkunj\.m2\repository\org\glassfish\hk2\hk2-utils\2.4.0-b25\hk2-utils-2.4.0-b25.jar;C:\Users\bkunj\.m2\repository\org\glassfish\hk2\external\aopalliance-repackaged\2.4.0-b25\aopalliance-repackaged-2.4.0-b25.jar;C:\Users\bkunj\.m2\repository\org\glassfish\hk2\external\javax.inject\2.4.0-b25\javax.inject-2.4.0-b25.jar;C:\Users\bkunj\.m2\repository\org\glassfish\hk2\hk2-locator\2.4.0-b25\hk2-locator-2.4.0-b25.jar;C:\Users\bkunj\.m2\repository\org\javassist\javassist\3.18.1-GA\javassist-3.18.1-GA.jar;C:\Users\bkunj\.m2\repository\org\glassfish\jersey\connectors\jersey-apache-connector\2.19\jersey-apache-connector-2.19.jar;C:\Users\bkunj\.m2\repository\org\glassfish\jersey\media\jersey-media-json-jackson\2.19\jersey-media-json-jackson-2.19.jar;C:\Users\bkunj\.m2\repository\org\glassfish\jersey\ext\jersey-entity-filtering\2.19\jersey-entity-filtering-2.19.jar;C:\Users\bkunj\.m2\repository\org\apache\commons\commons-compress\1.9\commons-compress-1.9.jar;C:\Users\bkunj\.m2\repository\org\apache\httpcomponents\httpclient\4.5\httpclient-4.5.jar;C:\Users\bkunj\.m2\repository\org\apache\httpcomponents\httpcore\4.4.1\httpcore-4.4.1.jar;C:\Users\bkunj\.m2\repository\commons-logging\commons-logging\1.2\commons-logging-1.2.jar;C:\Users\bkunj\.m2\repository\commons-codec\commons-codec\1.9\commons-codec-1.9.jar;C:\Users\bkunj\.m2\repository\com\github\jnr\jnr-unixsocket\0.8\jnr-unixsocket-0.8.jar;C:\Users\bkunj\.m2\repository\com\github\jnr\jnr-ffi\2.0.3\jnr-ffi-2.0.3.jar;C:\Users\bkunj\.m2\repository\com\github\jnr\jffi\1.2.9\jffi-1.2.9.jar;C:\Users\bkunj\.m2\repository\com\github\jnr\jffi\1.2.9\jffi-1.2.9-native.jar;C:\Users\bkunj\.m2\repository\org\ow2\asm\asm\5.0.3\asm-5.0.3.jar;C:\Users\bkunj\.m2\repository\org\ow2\asm\asm-commons\5.0.3\asm-commons-5.0.3.jar;C:\Users\bkunj\.m2\repository\org\ow2\asm\asm-analysis\5.0.3\asm-analysis-5.0.3.jar;C:\Users\bkunj\.m2\repository\org\ow2\asm\asm-tree\5.0.3\asm-tree-5.0.3.jar;C:\Users\bkunj\.m2\repository\org\ow2\asm\asm-util\5.0.3\asm-util-5.0.3.jar;C:\Users\bkunj\.m2\repository\com\github\jnr\jnr-x86asm\1.0.2\jnr-x86asm-1.0.2.jar;C:\Users\bkunj\.m2\repository\com\github\jnr\jnr-constants\0.8.7\jnr-constants-0.8.7.jar;C:\Users\bkunj\.m2\repository\com\github\jnr\jnr-enxio\0.9\jnr-enxio-0.9.jar;C:\Users\bkunj\.m2\repository\com\github\jnr\jnr-posix\3.0.12\jnr-posix-3.0.12.jar;C:\Users\bkunj\.m2\repository\commons-lang\commons-lang\2.6\commons-lang-2.6.jar;C:\Users\bkunj\.m2\repository\org\bouncycastle\bcpkix-jdk15on\1.52\bcpkix-jdk15on-1.52.jar;C:\Users\bkunj\.m2\repository\org\bouncycastle\bcprov-jdk15on\1.52\bcprov-jdk15on-1.52.jar;C:\Users\bkunj\.m2\repository\com\kohlschutter\junixsocket\junixsocket-native-common\2.5.2\junixsocket-native-common-2.5.2.jar;C:\Users\bkunj\.m2\repository\com\kohlschutter\junixsocket\junixsocket-common\2.5.2\junixsocket-common-2.5.2.jar;C:\Users\bkunj\.m2\repository\org\slf4j\slf4j-api\2.0.7\slf4j-api-2.0.7.jar;C:\Users\bkunj\.m2\repository\org\slf4j\slf4j-simple\2.0.7\slf4j-simple-2.0.7.jar;"/>
    <property name="java.vm.vendor" value="BellSoft"/>
    <property name="sun.arch.data.model" value="64"/>
    <property name="user.variant" value=""/>
    <property name="java.vendor.url" value="https://bell-sw.com/"/>
    <property name="user.timezone" value="America/New_York"/>
    <property name="os.name" value="Windows 11"/>
    <property name="java.vm.specification.version" value="17"/>
    <property name="sun.java.launcher" value="SUN_STANDARD"/>
    <property name="user.country" value="US"/>
    <property name="sun.boot.library.path" value="C:\Users\bkunj\.jdks\liberica-17.0.3\bin"/>
    <property name="sun.java.command" value="C:\Users\bkunj\AppData\Local\Temp\surefire16453278567815510428\surefirebooter16746341844505548111.jar C:\Users\bkunj\AppData\Local\Temp\surefire16453278567815510428 2023-03-29T02-16-54_376-jvmRun1 surefire17450831411773293908tmp surefire_05189481513924045440tmp"/>
    <property name="jdk.debug" value="release"/>
    <property name="surefire.test.class.path" value="C:\Users\bkunj\ECE654\duke-oit-container-offloading\docker-oit-container-offloading\target\test-classes;C:\Users\bkunj\ECE654\duke-oit-container-offloading\docker-oit-container-offloading\target\classes;C:\Users\bkunj\.m2\repository\junit\junit\4.11\junit-4.11.jar;C:\Users\bkunj\.m2\repository\org\hamcrest\hamcrest-core\1.3\hamcrest-core-1.3.jar;C:\Users\bkunj\.m2\repository\com\spotify\docker-client\3.5.12\docker-client-3.5.12.jar;C:\Users\bkunj\.m2\repository\com\google\guava\guava\18.0\guava-18.0.jar;C:\Users\bkunj\.m2\repository\com\fasterxml\jackson\jaxrs\jackson-jaxrs-json-provider\2.6.0\jackson-jaxrs-json-provider-2.6.0.jar;C:\Users\bkunj\.m2\repository\com\fasterxml\jackson\jaxrs\jackson-jaxrs-base\2.6.0\jackson-jaxrs-base-2.6.0.jar;C:\Users\bkunj\.m2\repository\com\fasterxml\jackson\core\jackson-core\2.6.0\jackson-core-2.6.0.jar;C:\Users\bkunj\.m2\repository\com\fasterxml\jackson\module\jackson-module-jaxb-annotations\2.6.0\jackson-module-jaxb-annotations-2.6.0.jar;C:\Users\bkunj\.m2\repository\com\fasterxml\jackson\datatype\jackson-datatype-guava\2.6.0\jackson-datatype-guava-2.6.0.jar;C:\Users\bkunj\.m2\repository\com\fasterxml\jackson\core\jackson-databind\2.6.0\jackson-databind-2.6.0.jar;C:\Users\bkunj\.m2\repository\com\fasterxml\jackson\core\jackson-annotations\2.6.0\jackson-annotations-2.6.0.jar;C:\Users\bkunj\.m2\repository\org\glassfish\jersey\core\jersey-client\2.19\jersey-client-2.19.jar;C:\Users\bkunj\.m2\repository\javax\ws\rs\javax.ws.rs-api\2.0.1\javax.ws.rs-api-2.0.1.jar;C:\Users\bkunj\.m2\repository\org\glassfish\jersey\core\jersey-common\2.19\jersey-common-2.19.jar;C:\Users\bkunj\.m2\repository\javax\annotation\javax.annotation-api\1.2\javax.annotation-api-1.2.jar;C:\Users\bkunj\.m2\repository\org\glassfish\jersey\bundles\repackaged\jersey-guava\2.19\jersey-guava-2.19.jar;C:\Users\bkunj\.m2\repository\org\glassfish\hk2\osgi-resource-locator\1.0.1\osgi-resource-locator-1.0.1.jar;C:\Users\bkunj\.m2\repository\org\glassfish\hk2\hk2-api\2.4.0-b25\hk2-api-2.4.0-b25.jar;C:\Users\bkunj\.m2\repository\org\glassfish\hk2\hk2-utils\2.4.0-b25\hk2-utils-2.4.0-b25.jar;C:\Users\bkunj\.m2\repository\org\glassfish\hk2\external\aopalliance-repackaged\2.4.0-b25\aopalliance-repackaged-2.4.0-b25.jar;C:\Users\bkunj\.m2\repository\org\glassfish\hk2\external\javax.inject\2.4.0-b25\javax.inject-2.4.0-b25.jar;C:\Users\bkunj\.m2\repository\org\glassfish\hk2\hk2-locator\2.4.0-b25\hk2-locator-2.4.0-b25.jar;C:\Users\bkunj\.m2\repository\org\javassist\javassist\3.18.1-GA\javassist-3.18.1-GA.jar;C:\Users\bkunj\.m2\repository\org\glassfish\jersey\connectors\jersey-apache-connector\2.19\jersey-apache-connector-2.19.jar;C:\Users\bkunj\.m2\repository\org\glassfish\jersey\media\jersey-media-json-jackson\2.19\jersey-media-json-jackson-2.19.jar;C:\Users\bkunj\.m2\repository\org\glassfish\jersey\ext\jersey-entity-filtering\2.19\jersey-entity-filtering-2.19.jar;C:\Users\bkunj\.m2\repository\org\apache\commons\commons-compress\1.9\commons-compress-1.9.jar;C:\Users\bkunj\.m2\repository\org\apache\httpcomponents\httpclient\4.5\httpclient-4.5.jar;C:\Users\bkunj\.m2\repository\org\apache\httpcomponents\httpcore\4.4.1\httpcore-4.4.1.jar;C:\Users\bkunj\.m2\repository\commons-logging\commons-logging\1.2\commons-logging-1.2.jar;C:\Users\bkunj\.m2\repository\commons-codec\commons-codec\1.9\commons-codec-1.9.jar;C:\Users\bkunj\.m2\repository\com\github\jnr\jnr-unixsocket\0.8\jnr-unixsocket-0.8.jar;C:\Users\bkunj\.m2\repository\com\github\jnr\jnr-ffi\2.0.3\jnr-ffi-2.0.3.jar;C:\Users\bkunj\.m2\repository\com\github\jnr\jffi\1.2.9\jffi-1.2.9.jar;C:\Users\bkunj\.m2\repository\com\github\jnr\jffi\1.2.9\jffi-1.2.9-native.jar;C:\Users\bkunj\.m2\repository\org\ow2\asm\asm\5.0.3\asm-5.0.3.jar;C:\Users\bkunj\.m2\repository\org\ow2\asm\asm-commons\5.0.3\asm-commons-5.0.3.jar;C:\Users\bkunj\.m2\repository\org\ow2\asm\asm-analysis\5.0.3\asm-analysis-5.0.3.jar;C:\Users\bkunj\.m2\repository\org\ow2\asm\asm-tree\5.0.3\asm-tree-5.0.3.jar;C:\Users\bkunj\.m2\repository\org\ow2\asm\asm-util\5.0.3\asm-util-5.0.3.jar;C:\Users\bkunj\.m2\repository\com\github\jnr\jnr-x86asm\1.0.2\jnr-x86asm-1.0.2.jar;C:\Users\bkunj\.m2\repository\com\github\jnr\jnr-constants\0.8.7\jnr-constants-0.8.7.jar;C:\Users\bkunj\.m2\repository\com\github\jnr\jnr-enxio\0.9\jnr-enxio-0.9.jar;C:\Users\bkunj\.m2\repository\com\github\jnr\jnr-posix\3.0.12\jnr-posix-3.0.12.jar;C:\Users\bkunj\.m2\repository\commons-lang\commons-lang\2.6\commons-lang-2.6.jar;C:\Users\bkunj\.m2\repository\org\bouncycastle\bcpkix-jdk15on\1.52\bcpkix-jdk15on-1.52.jar;C:\Users\bkunj\.m2\repository\org\bouncycastle\bcprov-jdk15on\1.52\bcprov-jdk15on-1.52.jar;C:\Users\bkunj\.m2\repository\com\kohlschutter\junixsocket\junixsocket-native-common\2.5.2\junixsocket-native-common-2.5.2.jar;C:\Users\bkunj\.m2\repository\com\kohlschutter\junixsocket\junixsocket-common\2.5.2\junixsocket-common-2.5.2.jar;C:\Users\bkunj\.m2\repository\org\slf4j\slf4j-api\2.0.7\slf4j-api-2.0.7.jar;C:\Users\bkunj\.m2\repository\org\slf4j\slf4j-simple\2.0.7\slf4j-simple-2.0.7.jar;"/>
    <property name="sun.cpu.endian" value="little"/>
    <property name="user.home" value="C:\Users\bkunj"/>
    <property name="user.language" value="en"/>
    <property name="java.specification.vendor" value="Oracle Corporation"/>
    <property name="java.version.date" value="2022-04-19"/>
    <property name="java.home" value="C:\Users\bkunj\.jdks\liberica-17.0.3"/>
    <property name="file.separator" value="\"/>
    <property name="basedir" value="C:\Users\bkunj\ECE654\duke-oit-container-offloading\docker-oit-container-offloading"/>
    <property name="java.vm.compressedOopsMode" value="Zero based"/>
    <property name="line.separator" value="&#10;"/>
    <property name="java.vm.specification.vendor" value="Oracle Corporation"/>
    <property name="java.specification.name" value="Java Platform API Specification"/>
    <property name="surefire.real.class.path" value="C:\Users\bkunj\AppData\Local\Temp\surefire16453278567815510428\surefirebooter16746341844505548111.jar"/>
    <property name="user.script" value=""/>
    <property name="sun.management.compiler" value="HotSpot 64-Bit Tiered Compilers"/>
    <property name="java.runtime.version" value="17.0.3+7-LTS"/>
    <property name="user.name" value="bkunj"/>
    <property name="path.separator" value=";"/>
    <property name="os.version" value="10.0"/>
    <property name="java.runtime.name" value="OpenJDK Runtime Environment"/>
    <property name="file.encoding" value="Cp1252"/>
    <property name="java.vm.name" value="OpenJDK 64-Bit Server VM"/>
    <property name="localRepository" value="C:\Users\bkunj\.m2\repository"/>
    <property name="java.vendor.url.bug" value="https://bell-sw.com/support"/>
    <property name="java.io.tmpdir" value="C:\Users\bkunj\AppData\Local\Temp\"/>
    <property name="idea.version" value="2022.1"/>
    <property name="java.version" value="17.0.3"/>
    <property name="user.dir" value="C:\Users\bkunj\ECE654\duke-oit-container-offloading\docker-oit-container-offloading"/>
    <property name="os.arch" value="amd64"/>
    <property name="java.vm.specification.name" value="Java Virtual Machine Specification"/>
    <property name="sun.os.patch.level" value=""/>
    <property name="native.encoding" value="Cp1252"/>
    <property name="java.library.path" value="C:\Users\bkunj\.jdks\liberica-17.0.3\bin;C:\WINDOWS\Sun\Java\bin;C:\WINDOWS\system32;C:\WINDOWS;C:\Program Files\BellSoft\LibericaJDK-17\bin\;C:\Program Files\BellSoft\LibericaJDK-8\bin\;C:\Python310\Scripts\;C:\Python310\;C:\Program Files (x86)\Common Files\Oracle\Java\javapath;C:\Program Files\BellSoft\LibericaJDK-14\bin\;C:\Windows\system32;C:\Windows;C:\Windows\System32\Wbem;C:\Windows\System32\WindowsPowerShell\v1.0\;C:\Windows\System32\OpenSSH\;C:\Program Files\NVIDIA Corporation\NVIDIA NvDLISR;C:\Program Files (x86)\PharosSystems\Core;C:\Program Files\Git\cmd;C:\Program Files\Microsoft SQL Server\Client SDK\ODBC\110\Tools\Binn\;C:\Program Files (x86)\Microsoft SQL Server\120\Tools\Binn\;C:\Program Files\Microsoft SQL Server\120\Tools\Binn\;C:\Program Files\Microsoft SQL Server\120\DTS\Binn\;C:\Program Files (x86)\Windows Kits\8.1\Windows Performance Toolkit\;C:\Program Files (x86)\Brackets\command;C:\WINDOWS\system32;C:\WINDOWS;C:\WINDOWS\System32\Wbem;C:\WINDOWS\System32\WindowsPowerShell\v1.0\;C:\WINDOWS\System32\OpenSSH\;C:\Users\bkunj\AppData\Local\Programs\Python\Python37\Scripts\;C:\Users\bkunj\AppData\Local\Programs\Python\Python37\;C:\Program Files\Tesseract-OCR;C:\Users\bkunj\AppData\Local\GitHubDesktop\bin;C:\Program Files (x86)\arduino-cli_0.16.1_Windows_64bit;C:\Xilinx\Vitis_HLS\2020.2\bin;C:\Program Files\nodejs\;C:\ProgramData\chocolatey\bin;;C:\Program Files\dotnet\;C:\WINDOWS\system32;C:\WINDOWS;C:\WINDOWS\System32\Wbem;C:\WINDOWS\System32\WindowsPowerShell\v1.0\;C:\WINDOWS\System32\OpenSSH\;C:\Program Files\Docker\Docker\resources\bin;C:\Users\bkunj\anaconda3;C:\Users\bkunj\anaconda3\Library\mingw-w64\bin;C:\Users\bkunj\anaconda3\Library\usr\bin;C:\Users\bkunj\anaconda3\Library\bin;C:\Users\bkunj\anaconda3\Scripts;C:\Program Files\BellSoft\LibericaJDK-17\bin\;C:\Program Files\BellSoft\LibericaJDK-8\bin\;C:\Python310\Scripts\;C:\Python310\;C:\Program Files (x86)\Common Files\Oracle\Java\javapath;C:\Program Files\BellSoft\LibericaJDK-14\bin\;C:\Windows\system32;C:\Windows;C:\Windows\System32\Wbem;C:\Windows\System32\WindowsPowerShell\v1.0\;C:\Windows\System32\OpenSSH\;C:\Program Files\NVIDIA Corporation\NVIDIA NvDLISR;C:\Program Files (x86)\PharosSystems\Core;C:\Program Files\Git\cmd;C:\Program Files\Microsoft SQL Server\Client SDK\ODBC\110\Tools\Binn\;C:\Program Files (x86)\Microsoft SQL Server\120\Tools\Binn\;C:\Program Files\Microsoft SQL Server\120\Tools\Binn\;C:\Program Files\Microsoft SQL Server\120\DTS\Binn\;C:\Program Files (x86)\Windows Kits\8.1\Windows Performance Toolkit\;C:\Program Files (x86)\Brackets\command;C:\WINDOWS\system32;C:\WINDOWS;C:\WINDOWS\System32\Wbem;C:\WINDOWS\System32\WindowsPowerShell\v1.0\;C:\WINDOWS\System32\OpenSSH\;C:\Users\bkunj\AppData\Local\Programs\Python\Python37\Scripts\;C:\Users\bkunj\AppData\Local\Programs\Python\Python37\;C:\Program Files\Tesseract-OCR;C:\Users\bkunj\AppData\Local\GitHubDesktop\bin;C:\Program Files (x86)\arduino-cli_0.16.1_Windows_64bit;C:\Xilinx\Vitis_HLS\2020.2\bin;C:\Program Files\nodejs\;C:\ProgramData\chocolatey\bin;;C:\Program Files\dotnet\;C:\WINDOWS\system32;C:\WINDOWS;C:\WINDOWS\System32\Wbem;C:\WINDOWS\System32\WindowsPowerShell\v1.0\;C:\WINDOWS\System32\OpenSSH\;C:\Program Files\Docker\Docker\resources\bin;C:\Program Files\Tesseract-OCR;C:\Users\bkunj\AppData\Local\GitHubDesktop\bin;C:\Program Files (x86)\arduino-cli_0.16.1_Windows_64bit;C:\Xilinx\Vitis_HLS\2020.2\bin;C:\Users\bkunj\AppData\Local\Programs\Microsoft VS Code\bin;C:\Users\bkunj\AppData\Roaming\npm;C:\Program Files\cockroach-v21.1.11.windows-6.2-amd64;C:\Program Files\JetBrains\IntelliJ IDEA 2021.3.1\bin;;C:\Program Files\JetBrains\PyCharm 2022.2.1\bin;;C:\Users\bkunj\AppData\Local\Microsoft\WindowsApps;;C:\iverilog\bin;C:\iverilog\gtkwave\bin;."/>
    <property name="java.vm.info" value="mixed mode, sharing"/>
    <property name="java.vendor" value="BellSoft"/>
    <property name="java.vm.version" value="17.0.3+7-LTS"/>
    <property name="sun.io.unicode.encoding" value="UnicodeLittle"/>
    <property name="java.class.version" value="61.0"/>
  </properties>
  <testcase name="givenClient_whenServerEchosMessage_thenCorrect" classname="tcp.TcpTests" time="21.977">
    <error message="Cannot invoke &quot;java.io.PrintWriter.println(String)&quot; because &quot;this.out&quot; is null" type="java.lang.NullPointerException">java.lang.NullPointerException: Cannot invoke "java.io.PrintWriter.println(String)" because "this.out" is null
	at tcp.TcpTests.givenClient_whenServerEchosMessage_thenCorrect(TcpTests.java:34)
</error>
    <system-err><![CDATA[java.net.ConnectException: Connection timed out: connect
	at java.base/sun.nio.ch.Net.connect0(Native Method)
	at java.base/sun.nio.ch.Net.connect(Net.java:579)
	at java.base/sun.nio.ch.Net.connect(Net.java:568)
	at java.base/sun.nio.ch.NioSocketImpl.connect(NioSocketImpl.java:588)
	at java.base/java.net.SocksSocketImpl.connect(SocksSocketImpl.java:327)
	at java.base/java.net.Socket.connect(Socket.java:633)
	at java.base/java.net.Socket.connect(Socket.java:583)
	at java.base/java.net.Socket.<init>(Socket.java:507)
	at java.base/java.net.Socket.<init>(Socket.java:287)
	at app.client.EchoClient.startConnection(EchoClient.java:11)
	at tcp.TcpTests.setup(TcpTests.java:21)
	at java.base/jdk.internal.reflect.NativeMethodAccessorImpl.invoke0(Native Method)
	at java.base/jdk.internal.reflect.NativeMethodAccessorImpl.invoke(NativeMethodAccessorImpl.java:77)
	at java.base/jdk.internal.reflect.DelegatingMethodAccessorImpl.invoke(DelegatingMethodAccessorImpl.java:43)
	at java.base/java.lang.reflect.Method.invoke(Method.java:568)
	at org.junit.runners.model.FrameworkMethod$1.runReflectiveCall(FrameworkMethod.java:47)
	at org.junit.internal.runners.model.ReflectiveCallable.run(ReflectiveCallable.java:12)
	at org.junit.runners.model.FrameworkMethod.invokeExplosively(FrameworkMethod.java:44)
	at org.junit.internal.runners.statements.RunBefores.evaluate(RunBefores.java:24)
	at org.junit.internal.runners.statements.RunAfters.evaluate(RunAfters.java:27)
	at org.junit.runners.ParentRunner.runLeaf(ParentRunner.java:271)
	at org.junit.runners.BlockJUnit4ClassRunner.runChild(BlockJUnit4ClassRunner.java:70)
	at org.junit.runners.BlockJUnit4ClassRunner.runChild(BlockJUnit4ClassRunner.java:50)
	at org.junit.runners.ParentRunner$3.run(ParentRunner.java:238)
	at org.junit.runners.ParentRunner$1.schedule(ParentRunner.java:63)
	at org.junit.runners.ParentRunner.runChildren(ParentRunner.java:236)
	at org.junit.runners.ParentRunner.access$000(ParentRunner.java:53)
	at org.junit.runners.ParentRunner$2.evaluate(ParentRunner.java:229)
	at org.junit.runners.ParentRunner.run(ParentRunner.java:309)
	at org.apache.maven.surefire.junit4.JUnit4Provider.execute(JUnit4Provider.java:365)
	at org.apache.maven.surefire.junit4.JUnit4Provider.executeWithRerun(JUnit4Provider.java:273)
	at org.apache.maven.surefire.junit4.JUnit4Provider.executeTestSet(JUnit4Provider.java:238)
	at org.apache.maven.surefire.junit4.JUnit4Provider.invoke(JUnit4Provider.java:159)
	at org.apache.maven.surefire.booter.ForkedBooter.invokeProviderInSameClassLoader(ForkedBooter.java:384)
	at org.apache.maven.surefire.booter.ForkedBooter.runSuitesInProcess(ForkedBooter.java:345)
	at org.apache.maven.surefire.booter.ForkedBooter.execute(ForkedBooter.java:126)
	at org.apache.maven.surefire.booter.ForkedBooter.main(ForkedBooter.java:418)
]]></system-err>
  </testcase>
  <testcase name="givenClient_whenServerEchosMessage_thenCorrect" classname="tcp.TcpTests" time="21.977">
    <error message="Cannot invoke &quot;java.io.BufferedReader.close()&quot; because &quot;this.in&quot; is null" type="java.lang.NullPointerException">java.lang.NullPointerException: Cannot invoke "java.io.BufferedReader.close()" because "this.in" is null
	at tcp.TcpTests.tearDown(TcpTests.java:50)
</error>
  </testcase>
</testsuite>